<?xml version="1.0" encoding="UTF-8"?>
<!-- Generated by org.testng.reporters.JUnitReportReporter -->
<testsuite hostname="LAPTOP-KF27UQG9" failures="0" tests="1" name="com.HR.utility.test" time="20.469" errors="0" timestamp="2022-04-10T13:03:12 IST" skipped="0">
  <testcase classname="com.HR.utility.test" name="b" time="20.469"/>
  <system-out/>
</testsuite> <!-- com.HR.utility.test -->
