<?xml version="1.0" encoding="UTF-8"?>
<!-- Generated by org.testng.reporters.JUnitReportReporter -->
<testsuite hostname="LAPTOP-KF27UQG9" failures="0" tests="1" name="com.HR.testCases.TC_MYINFO_006" time="23.579" errors="0" timestamp="2022-04-10T15:38:10 IST" skipped="0">
  <testcase classname="com.HR.testCases.TC_MYINFO_006" name="contact" time="23.579"/>
  <system-out/>
</testsuite> <!-- com.HR.testCases.TC_MYINFO_006 -->
