<?xml version="1.0" encoding="UTF-8"?>
<!-- Generated by org.testng.reporters.JUnitReportReporter -->
<testsuite hostname="LAPTOP-KF27UQG9" failures="0" tests="1" name="com.test.testCases.TC_MYINFO_006" time="17.045" errors="0" timestamp="2022-12-05T15:43:07 IST" skipped="0">
  <testcase classname="com.test.testCases.TC_MYINFO_006" name="contact" time="17.045"/>
  <system-out/>
</testsuite> <!-- com.test.testCases.TC_MYINFO_006 -->
