<?xml version="1.0" encoding="UTF-8"?>
<!-- Generated by org.testng.reporters.JUnitReportReporter -->
<testsuite hostname="LAPTOP-KF27UQG9" failures="0" tests="10" name="forPractice.test" time="0.037" errors="0" timestamp="2022-04-10T20:07:46 IST" skipped="0">
  <testcase classname="forPractice.test" name="login" time="0.001"/>
  <system-out/>
  <testcase classname="forPractice.test" name="login" time="0.002"/>
  <system-out/>
  <testcase classname="forPractice.test" name="login" time="0.002"/>
  <system-out/>
  <testcase classname="forPractice.test" name="login" time="0.002"/>
  <system-out/>
  <testcase classname="forPractice.test" name="login" time="0.002"/>
  <system-out/>
  <testcase classname="forPractice.test" name="login" time="0.002"/>
  <system-out/>
  <testcase classname="forPractice.test" name="login" time="0.013"/>
  <system-out/>
  <testcase classname="forPractice.test" name="login" time="0.002"/>
  <system-out/>
  <testcase classname="forPractice.test" name="login" time="0.001"/>
  <system-out/>
  <testcase classname="forPractice.test" name="login" time="0.010"/>
  <system-out/>
</testsuite> <!-- forPractice.test -->
