<?xml version="1.0" encoding="UTF-8"?>
<!-- Generated by org.testng.reporters.JUnitReportReporter -->
<testsuite hostname="LAPTOP-KF27UQG9" failures="0" tests="1" name="abc.nov10TestNG" time="0.013" errors="0" timestamp="2022-11-20T10:48:09 IST" skipped="0">
  <testcase classname="abc.nov10TestNG" name="test" time="0.013"/>
  <system-out/>
</testsuite> <!-- abc.nov10TestNG -->
